[debug] [2022-10-15T13:00:19.608Z] ----------------------------------------------------------------------
[debug] [2022-10-15T13:00:19.618Z] Command:       C:\Program Files\nodejs\node.exe C:\Users\HP\AppData\Roaming\npm\node_modules\firebase-tools\lib\bin\firebase.js init
[debug] [2022-10-15T13:00:19.620Z] CLI Version:   11.14.4
[debug] [2022-10-15T13:00:19.621Z] Platform:      win32
[debug] [2022-10-15T13:00:19.621Z] Node Version:  v16.15.1
[debug] [2022-10-15T13:00:19.623Z] Time:          Sat Oct 15 2022 18:30:19 GMT+0530 (India Standard Time)
[debug] [2022-10-15T13:00:19.624Z] ----------------------------------------------------------------------
[debug] 
[debug] [2022-10-15T13:00:19.657Z] > command requires scopes: ["email","openid","https://www.googleapis.com/auth/cloudplatformprojects.readonly","https://www.googleapis.com/auth/firebase","https://www.googleapis.com/auth/cloud-platform"]
[debug] [2022-10-15T13:00:19.659Z] > authorizing via signed-in user (nelsonndukwe800@gmail.com)
[info] 
     ######## #### ########  ######## ########     ###     ######  ########
     ##        ##  ##     ## ##       ##     ##  ##   ##  ##       ##
     ######    ##  ########  ######   ########  #########  ######  ######
     ##        ##  ##    ##  ##       ##     ## ##     ##       ## ##
     ##       #### ##     ## ######## ########  ##     ##  ######  ########

You're about to initialize a Firebase project in this directory:

  C:\MY PROJECTS\equss2

Before we get started, keep in mind:

  * You are currently outside your home directory

[info] 
=== Project Setup
[info] 
[info] First, let's associate this project directory with a Firebase project.
[info] You can create multiple project aliases by running firebase use --add, 
[info] but for now we'll just set up a default project.
[info] 
[debug] [2022-10-15T13:01:52.727Z] >>> [apiv2][query] GET https://firebase.googleapis.com/v1beta1/projects pageSize=100
[debug] [2022-10-15T13:01:53.737Z] <<< [apiv2][status] GET https://firebase.googleapis.com/v1beta1/projects 200
[debug] [2022-10-15T13:01:53.737Z] <<< [apiv2][body] GET https://firebase.googleapis.com/v1beta1/projects [omitted]
[info] i  Using project nelson-ndukwe (Nelson-Ndukwe) 
[info] 
=== Hosting Setup
[info] 
[info] Your public directory is the folder (relative to your project directory) that
[info] will contain Hosting assets to be uploaded with firebase deploy. If you
[info] have a build process for your assets, use your build's output directory.
[info] 
